Build started 10/21/2016 9:03:51 PM.
     1>Project "C:\Users\leonardoray\Desktop\Monash Uni\2016 - semester 2\FIT1048-AA3-rklay1\FIT1048-A3-rklay1\FIT1048-A3-rklay1\FIT1048-A3-rklay1.vcxproj" on node 2 (Build target(s)).
     1>ClCompile:
         F:\Visual Studio Pro 2013\VC\bin\CL.exe /c /ZI /nologo /W3 /WX- /sdl /Od /Oy- /D _MBCS /Gm /EHsc /RTC1 /MDd /GS /fp:precise /Zc:wchar_t /Zc:forScope /Fo"Debug\\" /Fd"Debug\vc120.pdb" /Gd /TP /analyze- /errorReport:prompt BossMonster.cpp Character.cpp EvolvedMonster.cpp GameController.cpp GameObject.cpp HigherRankMonster.cpp Item.cpp Main.cpp Monster.cpp Player.cpp
         Player.cpp
     1>c:\users\leonardoray\desktop\monash uni\2016 - semester 2\fit1048-aa3-rklay1\fit1048-a3-rklay1\fit1048-a3-rklay1\player.cpp(23): warning C4018: '<' : signed/unsigned mismatch
     1>c:\users\leonardoray\desktop\monash uni\2016 - semester 2\fit1048-aa3-rklay1\fit1048-a3-rklay1\fit1048-a3-rklay1\player.cpp(52): warning C4018: '<' : signed/unsigned mismatch
     1>c:\users\leonardoray\desktop\monash uni\2016 - semester 2\fit1048-aa3-rklay1\fit1048-a3-rklay1\fit1048-a3-rklay1\player.cpp(86): warning C4018: '<' : signed/unsigned mismatch
     1>c:\users\leonardoray\desktop\monash uni\2016 - semester 2\fit1048-aa3-rklay1\fit1048-a3-rklay1\fit1048-a3-rklay1\player.cpp(122): warning C4018: '<' : signed/unsigned mismatch
         Monster.cpp
         Main.cpp
         Item.cpp
         HigherRankMonster.cpp
         GameObject.cpp
         GameController.cpp
     1>c:\users\leonardoray\desktop\monash uni\2016 - semester 2\fit1048-aa3-rklay1\fit1048-a3-rklay1\fit1048-a3-rklay1\gamecontroller.cpp(15): warning C4244: 'argument' : conversion from 'time_t' to 'unsigned int', possible loss of data
     1>c:\users\leonardoray\desktop\monash uni\2016 - semester 2\fit1048-aa3-rklay1\fit1048-a3-rklay1\fit1048-a3-rklay1\gamecontroller.cpp(34): warning C4018: '<' : signed/unsigned mismatch
     1>c:\users\leonardoray\desktop\monash uni\2016 - semester 2\fit1048-aa3-rklay1\fit1048-a3-rklay1\fit1048-a3-rklay1\gamecontroller.cpp(37): warning C4018: '<' : signed/unsigned mismatch
         EvolvedMonster.cpp
         Character.cpp
         BossMonster.cpp
         Generating Code...
       Link:
         F:\Visual Studio Pro 2013\VC\bin\link.exe /ERRORREPORT:PROMPT /OUT:"C:\Users\leonardoray\Desktop\Monash Uni\2016 - semester 2\FIT1048-AA3-rklay1\FIT1048-A3-rklay1\Debug\FIT1048-A3-rklay1.exe" /INCREMENTAL /NOLOGO kernel32.lib user32.lib gdi32.lib winspool.lib comdlg32.lib advapi32.lib shell32.lib ole32.lib oleaut32.lib uuid.lib odbc32.lib odbccp32.lib /MANIFEST /MANIFESTUAC:"level='asInvoker' uiAccess='false'" /manifest:embed /DEBUG /PDB:"C:\Users\leonardoray\Desktop\Monash Uni\2016 - semester 2\FIT1048-AA3-rklay1\FIT1048-A3-rklay1\Debug\FIT1048-A3-rklay1.pdb" /TLBID:1 /DYNAMICBASE /NXCOMPAT /IMPLIB:"C:\Users\leonardoray\Desktop\Monash Uni\2016 - semester 2\FIT1048-AA3-rklay1\FIT1048-A3-rklay1\Debug\FIT1048-A3-rklay1.lib" /MACHINE:X86 Debug\BossMonster.obj
         Debug\Character.obj
         Debug\EvolvedMonster.obj
         Debug\GameController.obj
         Debug\GameObject.obj
         Debug\HigherRankMonster.obj
         Debug\Item.obj
         Debug\Main.obj
         Debug\Monster.obj
         Debug\Player.obj
         FIT1048-A3-rklay1.vcxproj -> C:\Users\leonardoray\Desktop\Monash Uni\2016 - semester 2\FIT1048-AA3-rklay1\FIT1048-A3-rklay1\Debug\FIT1048-A3-rklay1.exe
     1>Done Building Project "C:\Users\leonardoray\Desktop\Monash Uni\2016 - semester 2\FIT1048-AA3-rklay1\FIT1048-A3-rklay1\FIT1048-A3-rklay1\FIT1048-A3-rklay1.vcxproj" (Build target(s)).

Build succeeded.

Time Elapsed 00:00:07.24
